21/02/14 14:39:01 INFO  smtpserver: SMTP Service uses default thread group.
21/02/14 14:39:01 INFO  smtpserver: SMTP Service is running on: Bernard
21/02/14 14:39:01 INFO  smtpserver: SMTP Service handler hello name is: Bernard
21/02/14 14:39:01 INFO  smtpserver: SMTP Service handler connection timeout is: 360000
21/02/14 14:39:01 INFO  smtpserver: SMTP Service connection backlog is: 5
21/02/14 14:39:01 INFO  smtpserver: SMTP Service will allow a maximum of 30 connections.
21/02/14 14:39:01 INFO  smtpserver: This SMTP server does not require authentication.
21/02/14 14:39:01 INFO  smtpserver: Authorized addresses: [127.0.0.0/255.0.0.0]
21/02/14 14:39:01 INFO  smtpserver: No maximum message size is enforced for this server.
21/02/14 14:39:01 INFO  smtpserver: The idle timeout will be reset every 20480 bytes.
21/02/14 14:39:01 INFO  smtpserver: Added Commandhandler: org.apache.james.smtpserver.VrfyCmdHandler
21/02/14 14:39:01 INFO  smtpserver: Added Commandhandler: org.apache.james.smtpserver.AuthCmdHandler
21/02/14 14:39:01 INFO  smtpserver: Added Commandhandler: org.apache.james.smtpserver.QuitCmdHandler
21/02/14 14:39:01 INFO  smtpserver: Added Commandhandler: org.apache.james.smtpserver.HelpCmdHandler
21/02/14 14:39:01 INFO  smtpserver: Added Commandhandler: org.apache.james.smtpserver.HeloCmdHandler
21/02/14 14:39:01 INFO  smtpserver: Added Commandhandler: org.apache.james.smtpserver.MailCmdHandler
21/02/14 14:39:01 INFO  smtpserver: Added Commandhandler: org.apache.james.smtpserver.DataCmdHandler
21/02/14 14:39:01 INFO  smtpserver: Added Commandhandler: org.apache.james.smtpserver.RcptCmdHandler
21/02/14 14:39:01 INFO  smtpserver: Added Commandhandler: org.apache.james.smtpserver.EhloCmdHandler
21/02/14 14:39:01 INFO  smtpserver: Added MessageHandler: org.apache.james.smtpserver.SendMailHandler
21/02/14 14:39:01 INFO  smtpserver: Added Commandhandler: org.apache.james.smtpserver.NoopCmdHandler
21/02/14 14:39:01 INFO  smtpserver: Added Commandhandler: org.apache.james.smtpserver.ExpnCmdHandler
21/02/14 14:39:01 INFO  smtpserver: Added Commandhandler: org.apache.james.smtpserver.RsetCmdHandler
21/02/14 14:39:01 INFO  smtpserver: SMTP Service started plain:25
21/02/14 14:39:33 INFO  smtpserver: Connection from 127.0.0.1 (127.0.0.1)
21/02/14 14:39:33 INFO  smtpserver: Successfully spooled mail Mail1392989973772-0 from ghomeadmin@localdomain.com on 127.0.0.1 for [mathis.loriginal@gmail.com]
